Release 14.1 - xst P.15xf (nt64)
Copyright (c) 1995-2012 Xilinx, Inc.  All rights reserved.
--> Parameter TMPDIR set to xst/projnav.tmp


Total REAL time to Xst completion: 0.00 secs
Total CPU time to Xst completion: 0.11 secs
 
--> Parameter xsthdpdir set to xst


Total REAL time to Xst completion: 0.00 secs
Total CPU time to Xst completion: 0.11 secs
 
--> Reading design: section4.prj

TABLE OF CONTENTS
  1) Synthesis Options Summary
  2) HDL Compilation
  3) Design Hierarchy Analysis
  4) HDL Analysis
  5) HDL Synthesis
     5.1) HDL Synthesis Report
  6) Advanced HDL Synthesis
     6.1) Advanced HDL Synthesis Report
  7) Low Level Synthesis
  8) Partition Report
  9) Final Report

=========================================================================
*                      Synthesis Options Summary                        *
=========================================================================
---- Source Parameters
Input File Name                    : "section4.prj"
Input Format                       : mixed
Ignore Synthesis Constraint File   : NO

---- Target Parameters
Output File Name                   : "section4"
Output Format                      : NGC
Target Device                      : XC9500XL CPLDs

---- Source Options
Top Module Name                    : section4
Automatic FSM Extraction           : YES
FSM Encoding Algorithm             : Auto
Safe Implementation                : No
Mux Extraction                     : Yes
Resource Sharing                   : YES

---- Target Options
Add IO Buffers                     : YES
MACRO Preserve                     : YES
XOR Preserve                       : YES
Equivalent register Removal        : YES

---- General Options
Optimization Goal                  : Speed
Optimization Effort                : 1
Keep Hierarchy                     : Yes
Netlist Hierarchy                  : As_Optimized
RTL Output                         : Yes
Hierarchy Separator                : /
Bus Delimiter                      : <>
Case Specifier                     : Maintain
Verilog 2001                       : YES

---- Other Options
Clock Enable                       : YES
wysiwyg                            : NO

=========================================================================


=========================================================================
*                          HDL Compilation                              *
=========================================================================
Compiling verilog file "section4.vf" in library work
Module <OR6_MXILINX_section4> compiled
Module <OR7_MXILINX_section4> compiled
Module <section4> compiled
No errors in compilation
Analysis of file <"section4.prj"> succeeded.
 

=========================================================================
*                     Design Hierarchy Analysis                         *
=========================================================================
Analyzing hierarchy for module <section4> in library <work>.

Analyzing hierarchy for module <OR7_MXILINX_section4> in library <work>.

Analyzing hierarchy for module <OR6_MXILINX_section4> in library <work>.

Analyzing hierarchy for module <OR6_MXILINX_section4> in library <work>.

WARNING:Xst:2591 - "section4.vf" line 364: attribute on instance <SLEW> overrides generic/parameter on entity. It is possible that simulator will not take this attribute into account.
WARNING:Xst:2591 - "section4.vf" line 367: attribute on instance <SLEW> overrides generic/parameter on entity. It is possible that simulator will not take this attribute into account.
WARNING:Xst:2591 - "section4.vf" line 370: attribute on instance <SLEW> overrides generic/parameter on entity. It is possible that simulator will not take this attribute into account.
WARNING:Xst:2591 - "section4.vf" line 373: attribute on instance <SLEW> overrides generic/parameter on entity. It is possible that simulator will not take this attribute into account.
WARNING:Xst:2591 - "section4.vf" line 376: attribute on instance <SLEW> overrides generic/parameter on entity. It is possible that simulator will not take this attribute into account.
WARNING:Xst:2591 - "section4.vf" line 379: attribute on instance <SLEW> overrides generic/parameter on entity. It is possible that simulator will not take this attribute into account.
WARNING:Xst:2591 - "section4.vf" line 382: attribute on instance <SLEW> overrides generic/parameter on entity. It is possible that simulator will not take this attribute into account.

=========================================================================
*                            HDL Analysis                               *
=========================================================================
Analyzing top module <section4>.
Module <section4> is correct for synthesis.
 
    Set user-defined property "CAPACITANCE =  DONT_CARE" for instance <XLXI_258> in unit <section4>.
    Set user-defined property "DRIVE =  12" for instance <XLXI_258> in unit <section4>.
    Set user-defined property "IOSTANDARD =  DEFAULT" for instance <XLXI_258> in unit <section4>.
    Set user-defined property "SLEW =  SLOW" for instance <XLXI_258> in unit <section4>.
    Set user-defined property "CAPACITANCE =  DONT_CARE" for instance <XLXI_259> in unit <section4>.
    Set user-defined property "DRIVE =  12" for instance <XLXI_259> in unit <section4>.
    Set user-defined property "IOSTANDARD =  DEFAULT" for instance <XLXI_259> in unit <section4>.
    Set user-defined property "SLEW =  SLOW" for instance <XLXI_259> in unit <section4>.
    Set user-defined property "CAPACITANCE =  DONT_CARE" for instance <XLXI_260> in unit <section4>.
    Set user-defined property "DRIVE =  12" for instance <XLXI_260> in unit <section4>.
    Set user-defined property "IOSTANDARD =  DEFAULT" for instance <XLXI_260> in unit <section4>.
    Set user-defined property "SLEW =  SLOW" for instance <XLXI_260> in unit <section4>.
    Set user-defined property "CAPACITANCE =  DONT_CARE" for instance <XLXI_261> in unit <section4>.
    Set user-defined property "DRIVE =  12" for instance <XLXI_261> in unit <section4>.
    Set user-defined property "IOSTANDARD =  DEFAULT" for instance <XLXI_261> in unit <section4>.
    Set user-defined property "SLEW =  SLOW" for instance <XLXI_261> in unit <section4>.
    Set user-defined property "CAPACITANCE =  DONT_CARE" for instance <XLXI_262> in unit <section4>.
    Set user-defined property "DRIVE =  12" for instance <XLXI_262> in unit <section4>.
    Set user-defined property "IOSTANDARD =  DEFAULT" for instance <XLXI_262> in unit <section4>.
    Set user-defined property "SLEW =  SLOW" for instance <XLXI_262> in unit <section4>.
    Set user-defined property "CAPACITANCE =  DONT_CARE" for instance <XLXI_263> in unit <section4>.
    Set user-defined property "DRIVE =  12" for instance <XLXI_263> in unit <section4>.
    Set user-defined property "IOSTANDARD =  DEFAULT" for instance <XLXI_263> in unit <section4>.
    Set user-defined property "SLEW =  SLOW" for instance <XLXI_263> in unit <section4>.
    Set user-defined property "CAPACITANCE =  DONT_CARE" for instance <XLXI_264> in unit <section4>.
    Set user-defined property "DRIVE =  12" for instance <XLXI_264> in unit <section4>.
    Set user-defined property "IOSTANDARD =  DEFAULT" for instance <XLXI_264> in unit <section4>.
    Set user-defined property "SLEW =  SLOW" for instance <XLXI_264> in unit <section4>.
    Set user-defined property "HU_SET =  XLXI_251_0" for instance <XLXI_251> in unit <section4>.
    Set user-defined property "HU_SET =  XLXI_254_1" for instance <XLXI_254> in unit <section4>.
    Set user-defined property "HU_SET =  XLXI_257_2" for instance <XLXI_257> in unit <section4>.
Analyzing module <OR7_MXILINX_section4> in library <work>.
Module <OR7_MXILINX_section4> is correct for synthesis.
 
Analyzing module <OR6_MXILINX_section4.1> in library <work>.
Module <OR6_MXILINX_section4.1> is correct for synthesis.
 
Analyzing module <OR6_MXILINX_section4.2> in library <work>.
Module <OR6_MXILINX_section4.2> is correct for synthesis.
 

=========================================================================
*                           HDL Synthesis                               *
=========================================================================

Performing bidirectional port resolution...

Synthesizing Unit <OR7_MXILINX_section4>.
    Related source file is "section4.vf".
Unit <OR7_MXILINX_section4> synthesized.


Synthesizing Unit <OR6_MXILINX_section4_1>.
    Related source file is "section4.vf".
Unit <OR6_MXILINX_section4_1> synthesized.


Synthesizing Unit <OR6_MXILINX_section4_2>.
    Related source file is "section4.vf".
Unit <OR6_MXILINX_section4_2> synthesized.


Synthesizing Unit <section4>.
    Related source file is "section4.vf".
Unit <section4> synthesized.


=========================================================================
HDL Synthesis Report

Found no macro
=========================================================================

=========================================================================
*                       Advanced HDL Synthesis                          *
=========================================================================


=========================================================================
Advanced HDL Synthesis Report

Found no macro
=========================================================================

=========================================================================
*                         Low Level Synthesis                           *
=========================================================================

Optimizing unit <section4> ...

Optimizing unit <OR7_MXILINX_section4> ...

Optimizing unit <OR6_MXILINX_section4_1> ...

Optimizing unit <OR6_MXILINX_section4_2> ...

=========================================================================
*                           Partition Report                            *
=========================================================================

Partition Implementation Status
-------------------------------

  No Partitions were found in this design.

-------------------------------

=========================================================================
*                            Final Report                               *
=========================================================================
Final Results
RTL Top Level Output File Name     : section4.ngr
Top Level Output File Name         : section4
Output Format                      : NGC
Optimization Goal                  : Speed
Keep Hierarchy                     : Yes
Target Technology                  : XC9500XL CPLDs
Macro Preserve                     : YES
XOR Preserve                       : YES
Clock Enable                       : YES
wysiwyg                            : NO

Design Statistics
# IOs                              : 11

Cell Usage :
# BELS                             : 20
#      AND2                        : 5
#      AND3                        : 1
#      INV                         : 4
#      OR3                         : 2
#      OR4                         : 4
#      OR5                         : 4
# IO Buffers                       : 11
#      IBUF                        : 4
#      OBUF                        : 7
# Others                           : 33
#      AND2B1                      : 7
#      AND2B2                      : 3
#      AND3B1                      : 8
#      AND3B2                      : 8
#      AND3B3                      : 3
#      AND4B1                      : 1
#      AND4B2                      : 2
#      AND4B4                      : 1
=========================================================================


Total REAL time to Xst completion: 5.00 secs
Total CPU time to Xst completion: 4.27 secs
 
--> 

Total memory usage is 246072 kilobytes

Number of errors   :    0 (   0 filtered)
Number of warnings :    7 (   0 filtered)
Number of infos    :    0 (   0 filtered)

