\BOOKMARK [0][-]{chapter.1}{\376\377\000N\000a\000m\000e\000s\000p\000a\000c\000e\000\040\000I\000n\000d\000e\000x}{}% 1
\BOOKMARK [1][-]{section.1.1}{\376\377\000P\000a\000c\000k\000a\000g\000e\000s}{chapter.1}% 2
\BOOKMARK [0][-]{chapter.2}{\376\377\000H\000i\000e\000r\000a\000r\000c\000h\000i\000c\000a\000l\000\040\000I\000n\000d\000e\000x}{}% 3
\BOOKMARK [1][-]{section.2.1}{\376\377\000C\000l\000a\000s\000s\000\040\000H\000i\000e\000r\000a\000r\000c\000h\000y}{chapter.2}% 4
\BOOKMARK [0][-]{chapter.3}{\376\377\000C\000l\000a\000s\000s\000\040\000I\000n\000d\000e\000x}{}% 5
\BOOKMARK [1][-]{section.3.1}{\376\377\000C\000l\000a\000s\000s\000\040\000L\000i\000s\000t}{chapter.3}% 6
\BOOKMARK [0][-]{chapter.4}{\376\377\000N\000a\000m\000e\000s\000p\000a\000c\000e\000\040\000D\000o\000c\000u\000m\000e\000n\000t\000a\000t\000i\000o\000n}{}% 7
\BOOKMARK [1][-]{section.4.1}{\376\377\000g\000u\000i\000\040\000N\000a\000m\000e\000s\000p\000a\000c\000e\000\040\000R\000e\000f\000e\000r\000e\000n\000c\000e}{chapter.4}% 8
\BOOKMARK [2][-]{subsection.4.1.1}{\376\377\000D\000e\000t\000a\000i\000l\000e\000d\000\040\000D\000e\000s\000c\000r\000i\000p\000t\000i\000o\000n}{section.4.1}% 9
\BOOKMARK [1][-]{section.4.2}{\376\377\000l\000a\000u\000n\000c\000h\000e\000r\000\040\000N\000a\000m\000e\000s\000p\000a\000c\000e\000\040\000R\000e\000f\000e\000r\000e\000n\000c\000e}{chapter.4}% 10
\BOOKMARK [2][-]{subsection.4.2.1}{\376\377\000D\000e\000t\000a\000i\000l\000e\000d\000\040\000D\000e\000s\000c\000r\000i\000p\000t\000i\000o\000n}{section.4.2}% 11
\BOOKMARK [1][-]{section.4.3}{\376\377\000t\000i\000n\000y\0002\0006\000\040\000N\000a\000m\000e\000s\000p\000a\000c\000e\000\040\000R\000e\000f\000e\000r\000e\000n\000c\000e}{chapter.4}% 12
\BOOKMARK [2][-]{subsection.4.3.1}{\376\377\000D\000e\000t\000a\000i\000l\000e\000d\000\040\000D\000e\000s\000c\000r\000i\000p\000t\000i\000o\000n}{section.4.3}% 13
\BOOKMARK [2][-]{subsection.4.3.2}{\376\377\000V\000a\000r\000i\000a\000b\000l\000e\000\040\000D\000o\000c\000u\000m\000e\000n\000t\000a\000t\000i\000o\000n}{section.4.3}% 14
\BOOKMARK [3][-]{subsubsection.4.3.2.1}{\376\377\000v\000i\000d}{subsection.4.3.2}% 15
\BOOKMARK [0][-]{chapter.5}{\376\377\000C\000l\000a\000s\000s\000\040\000D\000o\000c\000u\000m\000e\000n\000t\000a\000t\000i\000o\000n}{}% 16
\BOOKMARK [1][-]{section.5.1}{\376\377\000g\000u\000i\000.\000G\000U\000I\000\137\000L\000a\000u\000n\000c\000h\000e\000r\000\040\000C\000l\000a\000s\000s\000\040\000R\000e\000f\000e\000r\000e\000n\000c\000e}{chapter.5}% 17
\BOOKMARK [2][-]{subsection.5.1.1}{\376\377\000D\000e\000t\000a\000i\000l\000e\000d\000\040\000D\000e\000s\000c\000r\000i\000p\000t\000i\000o\000n}{section.5.1}% 18
\BOOKMARK [1][-]{section.5.2}{\376\377\000g\000u\000i\000.\000M\000o\000t\000o\000r\000G\000U\000I\000\040\000C\000l\000a\000s\000s\000\040\000R\000e\000f\000e\000r\000e\000n\000c\000e}{chapter.5}% 19
\BOOKMARK [2][-]{subsection.5.2.1}{\376\377\000D\000e\000t\000a\000i\000l\000e\000d\000\040\000D\000e\000s\000c\000r\000i\000p\000t\000i\000o\000n}{section.5.2}% 20
\BOOKMARK [2][-]{subsection.5.2.2}{\376\377\000M\000e\000m\000b\000e\000r\000\040\000F\000u\000n\000c\000t\000i\000o\000n\000\040\000D\000o\000c\000u\000m\000e\000n\000t\000a\000t\000i\000o\000n}{section.5.2}% 21
\BOOKMARK [3][-]{subsubsection.5.2.2.1}{\376\377\000O\000n\000A\000b\000o\000u\000t\000R\000e\000q\000u\000e\000s\000t\000e\000d}{subsection.5.2.2}% 22
\BOOKMARK [3][-]{subsubsection.5.2.2.2}{\376\377\000O\000n\000B\000u\000t\000t\000o\000n\000P\000r\000e\000s\000s\000e\000d}{subsection.5.2.2}% 23
\BOOKMARK [3][-]{subsubsection.5.2.2.3}{\376\377\000O\000n\000M\000o\000v\000e\000S\000e\000r\000v\000o\000R\000e\000q\000u\000e\000s\000t}{subsection.5.2.2}% 24
\BOOKMARK [3][-]{subsubsection.5.2.2.4}{\376\377\000O\000n\000S\000o\000l\000a\000r\000M\000a\000x\000R\000e\000q\000u\000e\000s\000t}{subsection.5.2.2}% 25
\BOOKMARK [3][-]{subsubsection.5.2.2.5}{\376\377\000O\000n\000S\000o\000l\000a\000r\000M\000e\000a\000s\000u\000r\000e\000U\000p\000d\000a\000t\000e}{subsection.5.2.2}% 26
\BOOKMARK [3][-]{subsubsection.5.2.2.6}{\376\377\000O\000n\000W\000i\000n\000d\000o\000w\000C\000l\000o\000s\000e\000d}{subsection.5.2.2}% 27
\BOOKMARK [3][-]{subsubsection.5.2.2.7}{\376\377\000S\000t\000a\000r\000t\000U\000p\000d\000a\000t\000e\000T\000h\000r\000e\000a\000d}{subsection.5.2.2}% 28
\BOOKMARK [2][-]{subsection.5.2.3}{\376\377\000M\000e\000m\000b\000e\000r\000\040\000D\000a\000t\000a\000\040\000D\000o\000c\000u\000m\000e\000n\000t\000a\000t\000i\000o\000n}{section.5.2}% 29
\BOOKMARK [3][-]{subsubsection.5.2.3.1}{\376\377\000d\000i\000s\000p\000l\000a\000y}{subsection.5.2.3}% 30
\BOOKMARK [3][-]{subsubsection.5.2.3.2}{\376\377\000g\000a\000u\000g\000e}{subsection.5.2.3}% 31
\BOOKMARK [3][-]{subsubsection.5.2.3.3}{\376\377\000m\000o\000v\000e}{subsection.5.2.3}% 32
\BOOKMARK [3][-]{subsubsection.5.2.3.4}{\376\377\000p\000o\000s\000i\000t\000i\000o\000n}{subsection.5.2.3}% 33
\BOOKMARK [1][-]{section.5.3}{\376\377\000t\000i\000n\000y\0002\0006\000.\000S\000o\000l\000a\000r\000E\000v\000e\000n\000t\000\040\000C\000l\000a\000s\000s\000\040\000R\000e\000f\000e\000r\000e\000n\000c\000e}{chapter.5}% 34
\BOOKMARK [2][-]{subsection.5.3.1}{\376\377\000D\000e\000t\000a\000i\000l\000e\000d\000\040\000D\000e\000s\000c\000r\000i\000p\000t\000i\000o\000n}{section.5.3}% 35
\BOOKMARK [2][-]{subsection.5.3.2}{\376\377\000M\000e\000m\000b\000e\000r\000\040\000F\000u\000n\000c\000t\000i\000o\000n\000\040\000D\000o\000c\000u\000m\000e\000n\000t\000a\000t\000i\000o\000n}{section.5.3}% 36
\BOOKMARK [3][-]{subsubsection.5.3.2.1}{\376\377\000G\000e\000t\000V\000a\000l\000u\000e}{subsection.5.3.2}% 37
\BOOKMARK [1][-]{section.5.4}{\376\377\000t\000i\000n\000y\0002\0006\000.\000S\000o\000l\000a\000r\000T\000r\000a\000c\000k\000i\000n\000g\000T\000h\000r\000e\000a\000d\000\040\000C\000l\000a\000s\000s\000\040\000R\000e\000f\000e\000r\000e\000n\000c\000e}{chapter.5}% 38
\BOOKMARK [2][-]{subsection.5.4.1}{\376\377\000D\000e\000t\000a\000i\000l\000e\000d\000\040\000D\000e\000s\000c\000r\000i\000p\000t\000i\000o\000n}{section.5.4}% 39
\BOOKMARK [2][-]{subsection.5.4.2}{\376\377\000M\000e\000m\000b\000e\000r\000\040\000F\000u\000n\000c\000t\000i\000o\000n\000\040\000D\000o\000c\000u\000m\000e\000n\000t\000a\000t\000i\000o\000n}{section.5.4}% 40
\BOOKMARK [3][-]{subsubsection.5.4.2.1}{\376\377\000Q\000u\000i\000t\000T\000h\000r\000e\000a\000d}{subsection.5.4.2}% 41
\BOOKMARK [3][-]{subsubsection.5.4.2.2}{\376\377\000r\000u\000n}{subsection.5.4.2}% 42
\BOOKMARK [1][-]{section.5.5}{\376\377\000t\000i\000n\000y\0002\0006\000.\000U\000S\000B\000\137\000I\000n\000t\000e\000r\000f\000a\000c\000e\000\040\000C\000l\000a\000s\000s\000\040\000R\000e\000f\000e\000r\000e\000n\000c\000e}{chapter.5}% 43
\BOOKMARK [2][-]{subsection.5.5.1}{\376\377\000D\000e\000t\000a\000i\000l\000e\000d\000\040\000D\000e\000s\000c\000r\000i\000p\000t\000i\000o\000n}{section.5.5}% 44
\BOOKMARK [2][-]{subsection.5.5.2}{\376\377\000M\000e\000m\000b\000e\000r\000\040\000F\000u\000n\000c\000t\000i\000o\000n\000\040\000D\000o\000c\000u\000m\000e\000n\000t\000a\000t\000i\000o\000n}{section.5.5}% 45
\BOOKMARK [3][-]{subsubsection.5.5.2.1}{\376\377\000C\000l\000o\000s\000e\000C\000o\000n\000n\000e\000c\000t\000i\000o\000n}{subsection.5.5.2}% 46
\BOOKMARK [3][-]{subsubsection.5.5.2.2}{\376\377\000F\000i\000n\000d\000M\000o\000s\000t\000S\000u\000n}{subsection.5.5.2}% 47
\BOOKMARK [3][-]{subsubsection.5.5.2.3}{\376\377\000I\000s\000C\000o\000n\000n\000e\000c\000t\000e\000d}{subsection.5.5.2}% 48
\BOOKMARK [3][-]{subsubsection.5.5.2.4}{\376\377\000M\000e\000a\000s\000u\000r\000e\000S\000o\000l\000a\000r\000P\000a\000n\000e\000l}{subsection.5.5.2}% 49
\BOOKMARK [3][-]{subsubsection.5.5.2.5}{\376\377\000S\000e\000t\000S\000o\000l\000a\000r\000P\000o\000s\000i\000t\000i\000o\000n}{subsection.5.5.2}% 50
\BOOKMARK [3][-]{subsubsection.5.5.2.6}{\376\377\000S\000h\000o\000w\000E\000r\000r\000o\000r\000M\000s\000g}{subsection.5.5.2}% 51
\BOOKMARK [-1][-]{table.5.16}{\376\377\000I\000n\000d\000e\000x}{}% 52
